[2023-11-06 10:30:01.884] [info] Updating Model file from 20303 to latest format...
[2023-11-06 10:30:01.889] [info] Loaded model arm26 from file C:\Users\Therkelsen\Documents\OpenSim\4.4\Models\Arm26\arm26.osim
[2023-11-06 10:30:01.891] [info] ControllerSet 'Controllers' was renamed and is being reset to 'controllerset'.
[2023-11-06 10:30:01.891] [info] ComponentSet 'MiscComponents' was renamed and is being reset to 'componentset'.
[2023-11-06 10:33:58.230] [info] Updating Model file from 20303 to latest format...
[2023-11-06 10:34:12.212] [info] Updating Model file from 20303 to latest format...
[2023-11-06 10:35:24.298] [info] Loaded model exo_skeleton from file C:\Users\Therkelsen\Documents\OpenSim\4.4\Models\Arm26\exo_skeleton.osim
[2023-11-06 10:35:29.966] [info] Loaded model exo_skeleton from file C:\Users\Therkelsen\Documents\OpenSim\4.4\Models\Arm26\exo_skeleton.osim
[2023-11-06 10:36:27.427] [info] Loaded model exo_skeleton from file C:\Users\Therkelsen\Documents\OpenSim\4.4\Models\Arm26\exo_skeleton.osim
[2023-11-06 10:36:38.315] [info] Updating Model file from 20303 to latest format...
[2023-11-06 10:38:05.409] [info] Updating Model file from 20303 to latest format...
[2023-11-06 10:38:14.394] [info] Updating Model file from 20303 to latest format...
[2023-11-06 10:38:44.457] [info] Updating Model file from 20303 to latest format...
[2023-11-06 10:41:25.594] [info] Updating Model file from 20303 to latest format...
[2023-11-06 10:41:31.964] [info] Updating Model file from 20303 to latest format...
[2023-11-06 10:52:40.581] [info] Updating Model file from 20303 to latest format...
[2023-11-06 11:01:45.575] [info] Updating Model file from 20303 to latest format...
[2023-11-06 11:01:45.580] [info] Loaded model arm26_copy from file C:\Users\Therkelsen\Documents\OpenSim\4.4\Models\Arm26\arm26_copy.osim
[2023-11-06 11:01:45.586] [info] ControllerSet 'Controllers' was renamed and is being reset to 'controllerset'.
[2023-11-06 11:01:45.586] [info] ComponentSet 'MiscComponents' was renamed and is being reset to 'componentset'.
[2023-11-06 11:12:41.286] [info] Updating Model file from 20303 to latest format...
[2023-11-06 11:12:41.291] [info] Loaded model arm26 from file C:\Users\Therkelsen\Documents\OpenSim\4.4\Models\Arm26\exo_skeleton.osim
[2023-11-06 11:12:41.293] [info] ControllerSet 'Controllers' was renamed and is being reset to 'controllerset'.
[2023-11-06 11:12:41.293] [info] ComponentSet 'MiscComponents' was renamed and is being reset to 'componentset'.
[2023-11-06 11:13:30.760] [info] Updating Model file from 20303 to latest format...
[2023-11-06 11:13:30.764] [info] Loaded model exo_skeleton from file C:\Users\Therkelsen\Documents\OpenSim\4.4\Models\Arm26\exo_skeleton.osim
[2023-11-06 11:13:30.766] [info] ControllerSet 'Controllers' was renamed and is being reset to 'controllerset'.
[2023-11-06 11:13:30.766] [info] ComponentSet 'MiscComponents' was renamed and is being reset to 'componentset'.
[2023-11-06 11:16:42.451] [info] Updating Model file from 20303 to latest format...
[2023-11-06 11:16:42.455] [info] Loaded model exo_skeleton from file C:\Users\Therkelsen\Documents\OpenSim\4.4\Models\Arm26\exo_skeleton.osim
[2023-11-06 11:16:42.457] [info] ControllerSet 'Controllers' was renamed and is being reset to 'controllerset'.
[2023-11-06 11:16:42.457] [info] ComponentSet 'MiscComponents' was renamed and is being reset to 'componentset'.
[2023-11-06 11:17:24.254] [info] Updating Model file from 20303 to latest format...
[2023-11-06 11:17:24.258] [info] Loaded model exo_skeleton from file C:\Users\Therkelsen\Documents\OpenSim\4.4\Models\Arm26\exo_skeleton.osim
[2023-11-06 11:17:24.260] [info] ControllerSet 'Controllers' was renamed and is being reset to 'controllerset'.
[2023-11-06 11:17:24.260] [info] ComponentSet 'MiscComponents' was renamed and is being reset to 'componentset'.
[2023-11-06 11:17:39.059] [info] Updating Model file from 20303 to latest format...
[2023-11-06 11:17:39.063] [info] Loaded model exo_skeleton from file C:\Users\Therkelsen\Documents\OpenSim\4.4\Models\Arm26\exo_skeleton.osim
[2023-11-06 11:17:39.065] [info] ControllerSet 'Controllers' was renamed and is being reset to 'controllerset'.
[2023-11-06 11:17:39.065] [info] ComponentSet 'MiscComponents' was renamed and is being reset to 'componentset'.
[2023-11-06 11:17:57.272] [info] Updating Model file from 20303 to latest format...
[2023-11-06 11:17:57.276] [info] Loaded model exo_skeleton from file C:\Users\Therkelsen\Documents\OpenSim\4.4\Models\Arm26\exo_skeleton.osim
[2023-11-06 11:17:57.278] [info] ControllerSet 'Controllers' was renamed and is being reset to 'controllerset'.
[2023-11-06 11:17:57.278] [info] ComponentSet 'MiscComponents' was renamed and is being reset to 'componentset'.
[2023-11-06 11:18:09.079] [info] Updating Model file from 20303 to latest format...
[2023-11-06 11:18:09.083] [info] Loaded model arm26 from file C:\Users\Therkelsen\Documents\OpenSim\4.4\Models\Arm26\arm26.osim
[2023-11-06 11:18:09.085] [info] ControllerSet 'Controllers' was renamed and is being reset to 'controllerset'.
[2023-11-06 11:18:09.085] [info] ComponentSet 'MiscComponents' was renamed and is being reset to 'componentset'.
[2023-11-06 11:21:20.241] [info] Updating Model file from 20303 to latest format...
[2023-11-06 11:21:20.245] [info] Loaded model exo_skeleton from file C:\Users\Therkelsen\Documents\OpenSim\4.4\Models\Arm26\exo_skeleton.osim
[2023-11-06 11:21:20.247] [info] ControllerSet 'Controllers' was renamed and is being reset to 'controllerset'.
[2023-11-06 11:21:20.247] [info] ComponentSet 'MiscComponents' was renamed and is being reset to 'componentset'.
[2023-11-06 11:21:34.286] [info] Updating Model file from 20303 to latest format...
[2023-11-06 11:21:34.291] [info] Loaded model exo_skeleton from file C:\Users\Therkelsen\Documents\OpenSim\4.4\Models\Arm26\exo_skeleton.osim
[2023-11-06 11:21:34.292] [info] ControllerSet 'Controllers' was renamed and is being reset to 'controllerset'.
[2023-11-06 11:21:34.292] [info] ComponentSet 'MiscComponents' was renamed and is being reset to 'componentset'.
[2023-11-06 11:30:12.946] [info] Updating Model file from 20303 to latest format...
[2023-11-06 11:30:12.950] [info] Loaded model exo_skeleton from file C:\Users\Therkelsen\Documents\OpenSim\4.4\Models\Arm26\exo_skeleton.osim
[2023-11-06 11:30:12.951] [info] ControllerSet 'Controllers' was renamed and is being reset to 'controllerset'.
[2023-11-06 11:30:12.952] [info] ComponentSet 'MiscComponents' was renamed and is being reset to 'componentset'.
[2023-11-06 11:30:31.967] [info] Updating Model file from 20303 to latest format...
[2023-11-06 11:30:31.971] [info] Loaded model exo_skeleton from file C:\Users\Therkelsen\Documents\OpenSim\4.4\Models\Arm26\exo_skeleton.osim
[2023-11-06 11:30:31.973] [info] ControllerSet 'Controllers' was renamed and is being reset to 'controllerset'.
[2023-11-06 11:30:31.973] [info] ComponentSet 'MiscComponents' was renamed and is being reset to 'componentset'.
[2023-11-06 11:32:34.436] [info] Updating Model file from 20303 to latest format...
[2023-11-06 11:32:34.441] [info] Loaded model exo_skeleton from file C:\Users\Therkelsen\Documents\OpenSim\4.4\Models\Arm26\exo_skeleton.osim
[2023-11-06 11:32:34.442] [info] ControllerSet 'Controllers' was renamed and is being reset to 'controllerset'.
[2023-11-06 11:32:34.443] [info] ComponentSet 'MiscComponents' was renamed and is being reset to 'componentset'.
[2023-11-06 11:32:49.487] [info] Updating Model file from 20303 to latest format...
[2023-11-06 11:32:49.491] [info] Loaded model exo_skeleton from file C:\Users\Therkelsen\Documents\OpenSim\4.4\Models\Arm26\exo_skeleton.osim
[2023-11-06 11:32:49.492] [info] ControllerSet 'Controllers' was renamed and is being reset to 'controllerset'.
[2023-11-06 11:32:49.492] [info] ComponentSet 'MiscComponents' was renamed and is being reset to 'componentset'.
[2023-11-06 11:34:40.557] [info] Updating Model file from 20303 to latest format...
[2023-11-06 11:34:40.561] [info] Loaded model exo_skeleton from file C:\Users\Therkelsen\Documents\OpenSim\4.4\Models\Arm26\exo_skeleton.osim
[2023-11-06 11:34:40.563] [info] ControllerSet 'Controllers' was renamed and is being reset to 'controllerset'.
[2023-11-06 11:34:40.563] [info] ComponentSet 'MiscComponents' was renamed and is being reset to 'componentset'.
[2023-11-06 11:35:45.301] [info] Updating Model file from 20303 to latest format...
[2023-11-06 11:35:45.305] [info] Loaded model exo_skeleton from file C:\Users\Therkelsen\Documents\OpenSim\4.4\Models\Arm26\exo_skeleton.osim
[2023-11-06 11:35:45.307] [info] ControllerSet 'Controllers' was renamed and is being reset to 'controllerset'.
[2023-11-06 11:35:45.307] [info] ComponentSet 'MiscComponents' was renamed and is being reset to 'componentset'.
[2023-11-06 11:36:12.742] [info] Updating Model file from 20303 to latest format...
[2023-11-06 11:36:12.746] [info] Loaded model exo_skeleton from file C:\Users\Therkelsen\Documents\OpenSim\4.4\Models\Arm26\exo_skeleton.osim
[2023-11-06 11:36:12.748] [info] ControllerSet 'Controllers' was renamed and is being reset to 'controllerset'.
[2023-11-06 11:36:12.748] [info] ComponentSet 'MiscComponents' was renamed and is being reset to 'componentset'.
[2023-11-06 11:36:39.753] [info] Updating Model file from 20303 to latest format...
[2023-11-06 11:36:39.758] [info] Loaded model exo_skeleton from file C:/Users/Therkelsen/Documents/OpenSim/4.4/Models/Arm26/exo_skeleton.osim
[2023-11-06 11:36:39.760] [info] ControllerSet 'Controllers' was renamed and is being reset to 'controllerset'.
[2023-11-06 11:36:39.760] [info] ComponentSet 'MiscComponents' was renamed and is being reset to 'componentset'.
[2023-11-06 11:36:57.093] [info] Updating Model file from 20303 to latest format...
[2023-11-06 11:36:57.097] [info] Loaded model arm26 from file C:\Users\Therkelsen\Documents\OpenSim\4.4\Models\Arm26\arm26.osim
[2023-11-06 11:36:57.099] [info] ControllerSet 'Controllers' was renamed and is being reset to 'controllerset'.
[2023-11-06 11:36:57.099] [info] ComponentSet 'MiscComponents' was renamed and is being reset to 'componentset'.
[2023-11-06 11:36:57.106] [info] Updating Model file from 20303 to latest format...
[2023-11-06 11:36:57.110] [info] Loaded model exo_skeleton from file C:\Users\Therkelsen\Documents\OpenSim\4.4\Models\Arm26\exo_skeleton.osim
[2023-11-06 11:36:57.111] [info] ControllerSet 'Controllers' was renamed and is being reset to 'controllerset'.
[2023-11-06 11:36:57.112] [info] ComponentSet 'MiscComponents' was renamed and is being reset to 'componentset'.
[2023-11-06 11:37:23.463] [info] Updating Model file from 20303 to latest format...
[2023-11-06 11:37:23.467] [info] Loaded model exo_skeleton from file C:\Users\Therkelsen\Documents\OpenSim\4.4\Models\Arm26\exo_skeleton.osim
[2023-11-06 11:37:23.469] [info] ControllerSet 'Controllers' was renamed and is being reset to 'controllerset'.
[2023-11-06 11:37:23.469] [info] ComponentSet 'MiscComponents' was renamed and is being reset to 'componentset'.
[2023-11-06 11:37:35.732] [info] Updating Model file from 20303 to latest format...
[2023-11-06 11:37:35.736] [info] Loaded model exo_skeleton from file C:\Users\Therkelsen\Documents\OpenSim\4.4\Models\Arm26\exo_skeleton.osim
[2023-11-06 11:37:35.738] [info] ControllerSet 'Controllers' was renamed and is being reset to 'controllerset'.
[2023-11-06 11:37:35.738] [info] ComponentSet 'MiscComponents' was renamed and is being reset to 'componentset'.
[2023-11-06 11:37:48.667] [info] Updating Model file from 20303 to latest format...
[2023-11-06 11:37:48.672] [info] Loaded model exo_skeleton from file C:\Users\Therkelsen\Documents\OpenSim\4.4\Models\Arm26\exo_skeleton.osim
[2023-11-06 11:37:48.674] [info] ControllerSet 'Controllers' was renamed and is being reset to 'controllerset'.
[2023-11-06 11:37:48.674] [info] ComponentSet 'MiscComponents' was renamed and is being reset to 'componentset'.
[2023-11-06 11:38:36.999] [info] Updating Model file from 20303 to latest format...
[2023-11-06 11:38:37.003] [info] Loaded model exo_skeleton from file C:\Users\Therkelsen\Documents\OpenSim\4.4\Models\Arm26\exo_skeleton.osim
[2023-11-06 11:38:37.005] [info] ControllerSet 'Controllers' was renamed and is being reset to 'controllerset'.
[2023-11-06 11:38:37.005] [info] ComponentSet 'MiscComponents' was renamed and is being reset to 'componentset'.
[2023-11-06 11:45:32.732] [info] Updating Model file from 20303 to latest format...
[2023-11-06 11:45:32.738] [info] Loaded model arm26 from file C:\Users\Therkelsen\Documents\OpenSim\4.4\Models\Arm26\arm26.osim
[2023-11-06 11:45:32.739] [info] ControllerSet 'Controllers' was renamed and is being reset to 'controllerset'.
[2023-11-06 11:45:32.740] [info] ComponentSet 'MiscComponents' was renamed and is being reset to 'componentset'.
[2023-11-06 11:45:53.742] [info] Updating Model file from 20303 to latest format...
[2023-11-06 11:45:53.747] [info] Loaded model arm26 from file C:\Users\Therkelsen\Documents\OpenSim\4.4\Models\Arm26\arm26.osim
[2023-11-06 11:45:53.749] [info] ControllerSet 'Controllers' was renamed and is being reset to 'controllerset'.
[2023-11-06 11:45:53.749] [info] ComponentSet 'MiscComponents' was renamed and is being reset to 'componentset'.
[2023-11-06 11:46:13.229] [info] Updating Model file from 20303 to latest format...
[2023-11-06 11:46:13.234] [info] Loaded model arm26 from file C:\Users\Therkelsen\Documents\OpenSim\4.4\Models\Arm26\arm26.osim
[2023-11-06 11:46:13.235] [info] ControllerSet 'Controllers' was renamed and is being reset to 'controllerset'.
[2023-11-06 11:46:13.235] [info] ComponentSet 'MiscComponents' was renamed and is being reset to 'componentset'.
[2023-11-06 11:46:24.524] [info] Updating Model file from 20303 to latest format...
[2023-11-06 11:46:24.529] [info] Loaded model arm26 from file C:\Users\Therkelsen\Documents\OpenSim\4.4\Models\Arm26\exo_skeleton.osim
[2023-11-06 11:46:24.531] [info] ControllerSet 'Controllers' was renamed and is being reset to 'controllerset'.
[2023-11-06 11:46:24.531] [info] ComponentSet 'MiscComponents' was renamed and is being reset to 'componentset'.
[2023-11-06 11:47:20.706] [info] Updating Model file from 20303 to latest format...
[2023-11-06 11:47:20.711] [info] Loaded model arm26 from file C:\Users\Therkelsen\Documents\OpenSim\4.4\Models\Arm26\exo_skeleton.osim
[2023-11-06 11:47:20.713] [info] ControllerSet 'Controllers' was renamed and is being reset to 'controllerset'.
[2023-11-06 11:47:20.713] [info] ComponentSet 'MiscComponents' was renamed and is being reset to 'componentset'.
[2023-11-06 11:47:48.906] [info] Updating Model file from 20303 to latest format...
[2023-11-06 11:47:48.911] [info] Loaded model arm26 from file C:\Users\Therkelsen\Documents\OpenSim\4.4\Models\Arm26\exo_skeleton.osim
[2023-11-06 11:47:48.913] [info] ControllerSet 'Controllers' was renamed and is being reset to 'controllerset'.
[2023-11-06 11:47:48.913] [info] ComponentSet 'MiscComponents' was renamed and is being reset to 'componentset'.
[2023-11-06 11:48:00.465] [info] Updating Model file from 20303 to latest format...
[2023-11-06 11:48:00.470] [info] Loaded model arm26 from file C:\Users\Therkelsen\Documents\OpenSim\4.4\Models\Arm26\exo_skeleton.osim
[2023-11-06 11:48:00.472] [info] ControllerSet 'Controllers' was renamed and is being reset to 'controllerset'.
[2023-11-06 11:48:00.472] [info] ComponentSet 'MiscComponents' was renamed and is being reset to 'componentset'.
[2023-11-06 13:22:17.682] [info] Updating Model file from 20303 to latest format...
[2023-11-06 13:22:17.690] [info] Loaded model arm26 from file C:\Users\Therkelsen\Documents\OpenSim\4.4\Models\Arm26\exo_skeleton.osim
[2023-11-06 13:22:17.693] [info] ControllerSet 'Controllers' was renamed and is being reset to 'controllerset'.
[2023-11-06 13:22:17.694] [info] ComponentSet 'MiscComponents' was renamed and is being reset to 'componentset'.
[2023-11-06 13:23:19.061] [info] Updating Model file from 20303 to latest format...
[2023-11-06 13:23:19.069] [info] Loaded model arm26 from file C:\Users\Therkelsen\Documents\OpenSim\4.4\Models\Arm26\exo_skeleton.osim
[2023-11-06 13:23:19.073] [info] ControllerSet 'Controllers' was renamed and is being reset to 'controllerset'.
[2023-11-06 13:23:19.073] [info] ComponentSet 'MiscComponents' was renamed and is being reset to 'componentset'.
[2023-11-06 13:24:04.991] [info] Updating Model file from 20303 to latest format...
[2023-11-06 13:24:04.998] [info] Loaded model arm26 from file C:\Users\Therkelsen\Documents\OpenSim\4.4\Models\Arm26\exo_skeleton.osim
[2023-11-06 13:24:05.002] [info] ControllerSet 'Controllers' was renamed and is being reset to 'controllerset'.
[2023-11-06 13:24:05.002] [info] ComponentSet 'MiscComponents' was renamed and is being reset to 'componentset'.
[2023-11-06 13:26:15.912] [info] Updating Model file from 20303 to latest format...
[2023-11-06 13:26:15.920] [info] Loaded model arm26 from file C:\Users\Therkelsen\Documents\OpenSim\4.4\Models\Arm26\exo_skeleton.osim
[2023-11-06 13:26:15.924] [info] ControllerSet 'Controllers' was renamed and is being reset to 'controllerset'.
[2023-11-06 13:26:15.924] [info] ComponentSet 'MiscComponents' was renamed and is being reset to 'componentset'.
[2023-11-06 13:26:47.727] [info] Updating Model file from 20303 to latest format...
[2023-11-06 13:26:47.734] [info] Loaded model arm26 from file C:\Users\Therkelsen\Documents\OpenSim\4.4\Models\Arm26\exo_skeleton.osim
[2023-11-06 13:26:47.738] [info] ControllerSet 'Controllers' was renamed and is being reset to 'controllerset'.
[2023-11-06 13:26:47.738] [info] ComponentSet 'MiscComponents' was renamed and is being reset to 'componentset'.
[2023-11-06 13:27:29.842] [info] Updating Model file from 20303 to latest format...
[2023-11-06 13:27:29.850] [info] Loaded model arm26 from file C:\Users\Therkelsen\Documents\OpenSim\4.4\Models\Arm26\exo_skeleton.osim
[2023-11-06 13:27:29.853] [info] ControllerSet 'Controllers' was renamed and is being reset to 'controllerset'.
[2023-11-06 13:27:29.853] [info] ComponentSet 'MiscComponents' was renamed and is being reset to 'componentset'.
[2023-11-06 13:27:58.965] [info] Updating Model file from 20303 to latest format...
[2023-11-06 13:27:58.976] [info] Loaded model arm26 from file C:\Users\Therkelsen\Documents\OpenSim\4.4\Models\Arm26\exo_skeleton.osim
[2023-11-06 13:27:58.979] [info] ControllerSet 'Controllers' was renamed and is being reset to 'controllerset'.
[2023-11-06 13:27:58.979] [info] ComponentSet 'MiscComponents' was renamed and is being reset to 'componentset'.
[2023-11-06 13:28:10.508] [info] Updating Model file from 20303 to latest format...
[2023-11-06 13:28:10.516] [info] Loaded model arm26 from file C:\Users\Therkelsen\Documents\OpenSim\4.4\Models\Arm26\exo_skeleton.osim
[2023-11-06 13:28:10.519] [info] ControllerSet 'Controllers' was renamed and is being reset to 'controllerset'.
[2023-11-06 13:28:10.519] [info] ComponentSet 'MiscComponents' was renamed and is being reset to 'componentset'.
[2023-11-06 13:28:49.994] [info] Updating Model file from 20303 to latest format...
[2023-11-06 13:28:50.001] [info] Loaded model arm26 from file C:\Users\Therkelsen\Documents\OpenSim\4.4\Models\Arm26\exo_skeleton.osim
[2023-11-06 13:28:50.004] [info] ControllerSet 'Controllers' was renamed and is being reset to 'controllerset'.
[2023-11-06 13:28:50.004] [info] ComponentSet 'MiscComponents' was renamed and is being reset to 'componentset'.
[2023-11-06 13:29:26.948] [info] Updating Model file from 20303 to latest format...
[2023-11-06 13:29:26.956] [info] Loaded model arm26 from file C:\Users\Therkelsen\Documents\OpenSim\4.4\Models\Arm26\exo_skeleton.osim
[2023-11-06 13:29:26.960] [info] ControllerSet 'Controllers' was renamed and is being reset to 'controllerset'.
[2023-11-06 13:29:26.960] [info] ComponentSet 'MiscComponents' was renamed and is being reset to 'componentset'.
[2023-11-06 13:30:17.627] [info] Updating Model file from 20303 to latest format...
[2023-11-06 13:30:17.634] [info] Loaded model arm26 from file C:\Users\Therkelsen\Documents\OpenSim\4.4\Models\Arm26\exo_skeleton.osim
[2023-11-06 13:30:17.637] [info] ControllerSet 'Controllers' was renamed and is being reset to 'controllerset'.
[2023-11-06 13:30:17.638] [info] ComponentSet 'MiscComponents' was renamed and is being reset to 'componentset'.
[2023-11-06 13:30:52.526] [info] Updating Model file from 20303 to latest format...
[2023-11-06 13:30:52.535] [info] Loaded model arm26 from file C:\Users\Therkelsen\Documents\OpenSim\4.4\Models\Arm26\exo_skeleton.osim
[2023-11-06 13:30:52.538] [info] ControllerSet 'Controllers' was renamed and is being reset to 'controllerset'.
[2023-11-06 13:30:52.538] [info] ComponentSet 'MiscComponents' was renamed and is being reset to 'componentset'.
[2023-11-06 13:31:18.726] [info] Updating Model file from 20303 to latest format...
[2023-11-06 13:31:18.733] [info] Loaded model arm26 from file C:\Users\Therkelsen\Documents\OpenSim\4.4\Models\Arm26\exo_skeleton.osim
[2023-11-06 13:31:18.735] [info] ControllerSet 'Controllers' was renamed and is being reset to 'controllerset'.
[2023-11-06 13:31:18.735] [info] ComponentSet 'MiscComponents' was renamed and is being reset to 'componentset'.
[2023-11-06 13:31:52.776] [info] Updating Model file from 20303 to latest format...
[2023-11-06 13:31:52.783] [info] Loaded model arm26 from file C:\Users\Therkelsen\Documents\OpenSim\4.4\Models\Arm26\exo_skeleton.osim
[2023-11-06 13:31:52.785] [info] ControllerSet 'Controllers' was renamed and is being reset to 'controllerset'.
[2023-11-06 13:31:52.786] [info] ComponentSet 'MiscComponents' was renamed and is being reset to 'componentset'.
[2023-11-06 13:32:35.981] [info] Updating Model file from 20303 to latest format...
[2023-11-06 13:32:35.990] [info] Loaded model arm26 from file C:\Users\Therkelsen\Documents\OpenSim\4.4\Models\Arm26\exo_skeleton.osim
[2023-11-06 13:32:35.992] [info] ControllerSet 'Controllers' was renamed and is being reset to 'controllerset'.
[2023-11-06 13:32:35.992] [info] ComponentSet 'MiscComponents' was renamed and is being reset to 'componentset'.
[2023-11-06 13:34:16.186] [info] Updating Model file from 20303 to latest format...
[2023-11-06 13:34:16.192] [info] Loaded model arm26_with_exoskeleton from file C:\Users\Therkelsen\Documents\OpenSim\4.4\Models\Arm26\exo_skeleton.osim
[2023-11-06 13:34:16.194] [info] ControllerSet 'Controllers' was renamed and is being reset to 'controllerset'.
[2023-11-06 13:34:16.194] [info] ComponentSet 'MiscComponents' was renamed and is being reset to 'componentset'.
[2023-11-06 13:43:31.470] [info] Updating Model file from 20303 to latest format...
[2023-11-06 13:43:31.477] [info] Loaded model arm26_with_exoskeleton from file C:\Users\Therkelsen\Documents\OpenSim\4.4\Models\Arm26\exo_skeleton.osim
[2023-11-06 13:43:31.479] [info] ControllerSet 'Controllers' was renamed and is being reset to 'controllerset'.
[2023-11-06 13:43:31.480] [info] ComponentSet 'MiscComponents' was renamed and is being reset to 'componentset'.
[2023-11-06 13:49:26.960] [info] Updating Model file from 20303 to latest format...
[2023-11-06 13:49:26.967] [info] Loaded model arm26_with_exoskeleton from file C:\Users\Therkelsen\Documents\OpenSim\4.4\Models\Arm26\exo_skeleton.osim
[2023-11-06 13:49:26.970] [info] ControllerSet 'Controllers' was renamed and is being reset to 'controllerset'.
[2023-11-06 13:49:26.970] [info] ComponentSet 'MiscComponents' was renamed and is being reset to 'componentset'.
[2023-11-06 13:50:30.085] [info] Updating Model file from 20303 to latest format...
[2023-11-06 13:50:30.092] [info] Loaded model arm26_with_exoskeleton from file C:\Users\Therkelsen\Documents\OpenSim\4.4\Models\Arm26\exo_skeleton.osim
[2023-11-06 13:50:30.094] [info] ControllerSet 'Controllers' was renamed and is being reset to 'controllerset'.
[2023-11-06 13:50:30.094] [info] ComponentSet 'MiscComponents' was renamed and is being reset to 'componentset'.
[2023-11-06 14:43:44.892] [info] Updating Model file from 20303 to latest format...
[2023-11-06 14:43:44.900] [info] Loaded model arm26_with_exoskeleton from file C:\Users\Therkelsen\Documents\OpenSim\4.4\Models\Arm26\exo_skeleton.osim
[2023-11-06 14:43:44.902] [info] ControllerSet 'Controllers' was renamed and is being reset to 'controllerset'.
[2023-11-06 14:43:44.903] [info] ComponentSet 'MiscComponents' was renamed and is being reset to 'componentset'.
[2023-11-06 14:48:27.026] [info] Updating Model file from 20303 to latest format...
[2023-11-06 14:48:27.033] [info] Loaded model arm26 from file C:\Users\Therkelsen\Documents\OpenSim\4.4\Models\Arm26\exo_skeleton.osim
[2023-11-06 14:48:27.036] [info] ControllerSet 'Controllers' was renamed and is being reset to 'controllerset'.
[2023-11-06 14:48:27.036] [info] ComponentSet 'MiscComponents' was renamed and is being reset to 'componentset'.
[2023-11-06 14:49:20.208] [info] Updating Model file from 20303 to latest format...
[2023-11-06 14:49:20.214] [info] Loaded model arm26 from file C:\Users\Therkelsen\Documents\OpenSim\4.4\Models\Arm26\exo_skeleton.osim
[2023-11-06 14:49:20.216] [info] ControllerSet 'Controllers' was renamed and is being reset to 'controllerset'.
[2023-11-06 14:49:20.216] [info] ComponentSet 'MiscComponents' was renamed and is being reset to 'componentset'.
[2023-11-06 14:50:11.599] [info] Updating Model file from 20303 to latest format...
[2023-11-06 14:50:11.606] [info] Loaded model arm26 from file C:\Users\Therkelsen\Documents\OpenSim\4.4\Models\Arm26\exo_skeleton.osim
[2023-11-06 14:50:11.608] [info] ControllerSet 'Controllers' was renamed and is being reset to 'controllerset'.
[2023-11-06 14:50:11.608] [info] ComponentSet 'MiscComponents' was renamed and is being reset to 'componentset'.
[2023-11-06 14:50:24.024] [info] Updating Model file from 20303 to latest format...
[2023-11-06 14:50:24.030] [info] Loaded model arm26 from file C:\Users\Therkelsen\Documents\OpenSim\4.4\Models\Arm26\exo_skeleton.osim
[2023-11-06 14:50:24.032] [info] ControllerSet 'Controllers' was renamed and is being reset to 'controllerset'.
[2023-11-06 14:50:24.032] [info] ComponentSet 'MiscComponents' was renamed and is being reset to 'componentset'.
[2023-11-06 14:50:39.703] [info] Updating Model file from 20303 to latest format...
[2023-11-06 14:50:39.709] [info] Loaded model arm26 from file C:\Users\Therkelsen\Documents\OpenSim\4.4\Models\Arm26\exo_skeleton.osim
[2023-11-06 14:50:39.711] [info] ControllerSet 'Controllers' was renamed and is being reset to 'controllerset'.
[2023-11-06 14:50:39.711] [info] ComponentSet 'MiscComponents' was renamed and is being reset to 'componentset'.
[2023-11-06 14:50:51.887] [info] Updating Model file from 20303 to latest format...
[2023-11-06 14:50:51.892] [info] Loaded model arm26 from file C:\Users\Therkelsen\Documents\OpenSim\4.4\Models\Arm26\exo_skeleton.osim
[2023-11-06 14:50:51.895] [info] ControllerSet 'Controllers' was renamed and is being reset to 'controllerset'.
[2023-11-06 14:50:51.895] [info] ComponentSet 'MiscComponents' was renamed and is being reset to 'componentset'.
[2023-11-06 14:51:05.383] [info] Updating Model file from 20303 to latest format...
[2023-11-06 14:51:05.388] [info] Loaded model arm26 from file C:\Users\Therkelsen\Documents\OpenSim\4.4\Models\Arm26\exo_skeleton.osim
[2023-11-06 14:51:05.390] [info] ControllerSet 'Controllers' was renamed and is being reset to 'controllerset'.
[2023-11-06 14:51:05.391] [info] ComponentSet 'MiscComponents' was renamed and is being reset to 'componentset'.
[2023-11-06 14:51:38.406] [info] Updating Model file from 20303 to latest format...
[2023-11-06 14:51:38.412] [info] Loaded model arm26 from file C:\Users\Therkelsen\Documents\OpenSim\4.4\Models\Arm26\exo_skeleton.osim
[2023-11-06 14:51:38.415] [info] ControllerSet 'Controllers' was renamed and is being reset to 'controllerset'.
[2023-11-06 14:51:38.415] [info] ComponentSet 'MiscComponents' was renamed and is being reset to 'componentset'.
[2023-11-06 14:52:05.325] [info] Updating Model file from 20303 to latest format...
[2023-11-06 14:52:05.331] [info] Loaded model arm26 from file C:\Users\Therkelsen\Documents\OpenSim\4.4\Models\Arm26\exo_skeleton.osim
[2023-11-06 14:52:05.333] [info] ControllerSet 'Controllers' was renamed and is being reset to 'controllerset'.
[2023-11-06 14:52:05.333] [info] ComponentSet 'MiscComponents' was renamed and is being reset to 'componentset'.
[2023-11-06 14:52:29.569] [info] Updating Model file from 20303 to latest format...
[2023-11-06 14:52:29.575] [info] Loaded model arm26 from file C:\Users\Therkelsen\Documents\OpenSim\4.4\Models\Arm26\exo_skeleton.osim
[2023-11-06 14:52:29.577] [info] ControllerSet 'Controllers' was renamed and is being reset to 'controllerset'.
[2023-11-06 14:52:29.577] [info] ComponentSet 'MiscComponents' was renamed and is being reset to 'componentset'.
[2023-11-06 14:52:47.595] [info] Updating Model file from 20303 to latest format...
[2023-11-06 14:52:47.601] [info] Loaded model arm26 from file C:\Users\Therkelsen\Documents\OpenSim\4.4\Models\Arm26\exo_skeleton.osim
[2023-11-06 14:52:47.603] [info] ControllerSet 'Controllers' was renamed and is being reset to 'controllerset'.
[2023-11-06 14:52:47.604] [info] ComponentSet 'MiscComponents' was renamed and is being reset to 'componentset'.
[2023-11-06 14:53:18.979] [info] Updating Model file from 20303 to latest format...
[2023-11-06 14:53:18.986] [info] Loaded model arm26 from file C:\Users\Therkelsen\Documents\OpenSim\4.4\Models\Arm26\exo_skeleton.osim
[2023-11-06 14:53:18.988] [info] ControllerSet 'Controllers' was renamed and is being reset to 'controllerset'.
[2023-11-06 14:53:18.988] [info] ComponentSet 'MiscComponents' was renamed and is being reset to 'componentset'.
[2023-11-06 14:53:39.605] [info] Updating Model file from 20303 to latest format...
[2023-11-06 14:53:39.611] [info] Loaded model arm26 from file C:\Users\Therkelsen\Documents\OpenSim\4.4\Models\Arm26\exo_skeleton.osim
[2023-11-06 14:53:39.613] [info] ControllerSet 'Controllers' was renamed and is being reset to 'controllerset'.
[2023-11-06 14:53:39.613] [info] ComponentSet 'MiscComponents' was renamed and is being reset to 'componentset'.
[2023-11-06 14:56:08.719] [info] Updating Model file from 20303 to latest format...
[2023-11-06 14:56:08.725] [info] Loaded model arm26 from file C:\Users\Therkelsen\Documents\OpenSim\4.4\Models\Arm26\exo_skeleton.osim
[2023-11-06 14:56:08.727] [info] ControllerSet 'Controllers' was renamed and is being reset to 'controllerset'.
[2023-11-06 14:56:08.728] [info] ComponentSet 'MiscComponents' was renamed and is being reset to 'componentset'.
[2023-11-06 14:56:38.091] [info] Updating Model file from 20303 to latest format...
[2023-11-06 14:56:38.096] [info] Loaded model arm26 from file C:\Users\Therkelsen\Documents\OpenSim\4.4\Models\Arm26\exo_skeleton.osim
[2023-11-06 14:56:38.099] [info] ControllerSet 'Controllers' was renamed and is being reset to 'controllerset'.
[2023-11-06 14:56:38.099] [info] ComponentSet 'MiscComponents' was renamed and is being reset to 'componentset'.
[2023-11-06 14:56:55.414] [info] Updating Model file from 20303 to latest format...
[2023-11-06 14:56:55.421] [info] Loaded model arm26 from file C:\Users\Therkelsen\Documents\OpenSim\4.4\Models\Arm26\exo_skeleton.osim
[2023-11-06 14:56:55.423] [info] ControllerSet 'Controllers' was renamed and is being reset to 'controllerset'.
[2023-11-06 14:56:55.423] [info] ComponentSet 'MiscComponents' was renamed and is being reset to 'componentset'.
[2023-11-06 14:57:08.488] [info] Updating Model file from 20303 to latest format...
[2023-11-06 14:57:08.493] [info] Loaded model arm26 from file C:\Users\Therkelsen\Documents\OpenSim\4.4\Models\Arm26\exo_skeleton.osim
[2023-11-06 14:57:08.495] [info] ControllerSet 'Controllers' was renamed and is being reset to 'controllerset'.
[2023-11-06 14:57:08.495] [info] ComponentSet 'MiscComponents' was renamed and is being reset to 'componentset'.
[2023-11-06 14:57:24.684] [info] Updating Model file from 20303 to latest format...
[2023-11-06 14:57:24.691] [info] Loaded model arm26 from file C:\Users\Therkelsen\Documents\OpenSim\4.4\Models\Arm26\exo_skeleton.osim
[2023-11-06 14:57:24.693] [info] ControllerSet 'Controllers' was renamed and is being reset to 'controllerset'.
[2023-11-06 14:57:24.693] [info] ComponentSet 'MiscComponents' was renamed and is being reset to 'componentset'.
[2023-11-06 15:01:32.132] [info] Updating Model file from 20303 to latest format...
[2023-11-06 15:01:42.378] [info] Updating Model file from 20303 to latest format...
[2023-11-06 15:02:16.731] [info] Updating Model file from 20303 to latest format...
[2023-11-06 15:02:47.901] [info] Updating Model file from 20303 to latest format...
[2023-11-06 15:02:47.909] [info] Loaded model arm26 from file C:\Users\Therkelsen\Documents\OpenSim\4.4\Models\Arm26\exo_skeleton.osim
[2023-11-06 15:03:44.529] [info] Updating Model file from 20303 to latest format...
[2023-11-06 15:03:44.536] [info] Loaded model arm26 from file C:\Users\Therkelsen\Documents\OpenSim\4.4\Models\Arm26\exo_skeleton.osim
[2023-11-06 15:05:00.737] [info] Updating Model file from 20303 to latest format...
[2023-11-06 15:05:00.743] [info] Loaded model arm26 from file C:\Users\Therkelsen\Documents\OpenSim\4.4\Models\Arm26\exo_skeleton.osim
[2023-11-06 15:05:00.745] [info] ControllerSet 'Controllers' was renamed and is being reset to 'controllerset'.
[2023-11-06 15:05:00.745] [info] ComponentSet 'MiscComponents' was renamed and is being reset to 'componentset'.
[2023-11-06 15:21:33.326] [info] Updating Model file from 20303 to latest format...
[2023-11-06 15:22:04.274] [info] Updating Model file from 20303 to latest format...
[2023-11-06 15:22:04.281] [info] Loaded model arm26 from file C:/Users/Therkelsen/Documents/OpenSim/4.4/Models/Arm26/exo_skeleton.osim
[2023-11-06 15:22:04.284] [info] ControllerSet 'Controllers' was renamed and is being reset to 'controllerset'.
[2023-11-06 15:22:04.284] [info] ComponentSet 'MiscComponents' was renamed and is being reset to 'componentset'.
[2023-11-06 15:23:07.392] [info] Updating Model file from 20303 to latest format...
[2023-11-06 15:23:07.402] [info] Loaded model arm26 from file C:\Users\Therkelsen\Documents\OpenSim\4.4\Models\Arm26\exo_skeleton.osim
[2023-11-06 15:23:07.406] [info] ControllerSet 'Controllers' was renamed and is being reset to 'controllerset'.
[2023-11-06 15:23:07.406] [info] ComponentSet 'MiscComponents' was renamed and is being reset to 'componentset'.
[2023-11-06 15:24:17.184] [info] Updating Model file from 20303 to latest format...
[2023-11-06 15:24:17.192] [info] Loaded model arm26 from file C:\Users\Therkelsen\Documents\OpenSim\4.4\Models\Arm26\exo_skeleton.osim
[2023-11-06 15:24:17.196] [info] ControllerSet 'Controllers' was renamed and is being reset to 'controllerset'.
[2023-11-06 15:24:17.196] [info] ComponentSet 'MiscComponents' was renamed and is being reset to 'componentset'.
[2023-11-06 15:24:50.068] [info] Updating Model file from 20303 to latest format...
[2023-11-06 15:24:50.076] [info] Loaded model arm26 from file C:\Users\Therkelsen\Documents\OpenSim\4.4\Models\Arm26\exo_skeleton.osim
[2023-11-06 15:24:50.079] [info] ControllerSet 'Controllers' was renamed and is being reset to 'controllerset'.
[2023-11-06 15:24:50.080] [info] ComponentSet 'MiscComponents' was renamed and is being reset to 'componentset'.
[2023-11-06 15:27:19.222] [info] Updating Model file from 20303 to latest format...
[2023-11-06 15:27:19.229] [info] Loaded model arm26 from file C:\Users\Therkelsen\Documents\OpenSim\4.4\Models\Arm26\exo_skeleton.osim
[2023-11-06 15:27:19.233] [info] ControllerSet 'Controllers' was renamed and is being reset to 'controllerset'.
[2023-11-06 15:27:19.234] [info] ComponentSet 'MiscComponents' was renamed and is being reset to 'componentset'.
[2023-11-06 15:42:30.143] [info] Updating Model file from 20303 to latest format...
[2023-11-06 15:42:30.149] [info] Loaded model arm26 from file C:\Users\Therkelsen\Documents\OpenSim\4.4\Models\Arm26\exo_skeleton.osim
[2023-11-06 15:42:30.152] [info] ControllerSet 'Controllers' was renamed and is being reset to 'controllerset'.
[2023-11-06 15:42:30.152] [info] ComponentSet 'MiscComponents' was renamed and is being reset to 'componentset'.
[2023-11-06 15:45:51.661] [info] Updating Model file from 20303 to latest format...
[2023-11-06 15:45:51.667] [info] Loaded model arm26 from file C:\Users\Therkelsen\Documents\OpenSim\4.4\Models\Arm26\exo_skeleton.osim
[2023-11-06 15:45:51.670] [info] ControllerSet 'Controllers' was renamed and is being reset to 'controllerset'.
[2023-11-06 15:45:51.670] [info] ComponentSet 'MiscComponents' was renamed and is being reset to 'componentset'.
[2023-11-06 15:46:47.799] [info] Updating Model file from 20303 to latest format...
[2023-11-06 15:46:47.806] [info] Loaded model arm26 from file C:\Users\Therkelsen\Documents\OpenSim\4.4\Models\Arm26\exo_skeleton.osim
[2023-11-06 15:47:43.632] [info] Updating Model file from 20303 to latest format...
[2023-11-06 15:47:43.638] [info] Loaded model arm26 from file C:\Users\Therkelsen\Documents\OpenSim\4.4\Models\Arm26\exo_skeleton.osim
[2023-11-06 15:47:43.641] [info] ControllerSet 'Controllers' was renamed and is being reset to 'controllerset'.
[2023-11-06 15:47:43.642] [info] ComponentSet 'MiscComponents' was renamed and is being reset to 'componentset'.
[2023-11-06 15:50:06.863] [info] Updating Model file from 20303 to latest format...
[2023-11-06 15:50:06.869] [info] Loaded model arm26 from file C:\Users\Therkelsen\Documents\OpenSim\4.4\Models\Arm26\exo_skeleton.osim
[2023-11-06 15:50:06.872] [info] ControllerSet 'Controllers' was renamed and is being reset to 'controllerset'.
[2023-11-06 15:50:06.872] [info] ComponentSet 'MiscComponents' was renamed and is being reset to 'componentset'.
[2023-11-08 08:48:13.555] [info] Updating Model file from 20303 to latest format...
[2023-11-08 08:48:13.603] [info] Loaded model arm26 from file C:\Users\Therkelsen\Documents\GitHub\MUSE\3D\Arm26\exo_skeleton.osim
[2023-11-08 08:48:13.867] [info] ControllerSet 'Controllers' was renamed and is being reset to 'controllerset'.
[2023-11-08 08:48:13.868] [info] ComponentSet 'MiscComponents' was renamed and is being reset to 'componentset'.
[2023-11-08 08:54:06.272] [info] Updating Model file from 20303 to latest format...
[2023-11-08 08:54:06.279] [info] Loaded model arm26 from file C:\Users\Therkelsen\Documents\GitHub\MUSE\3D\Arm26\exo_skeleton.osim
[2023-11-08 08:54:06.457] [info] ControllerSet 'Controllers' was renamed and is being reset to 'controllerset'.
[2023-11-08 08:54:06.458] [info] ComponentSet 'MiscComponents' was renamed and is being reset to 'componentset'.
[2023-11-08 10:00:12.371] [info] Updating Model file from 20303 to latest format...
[2023-11-08 10:00:12.377] [info] Loaded model arm26 from file C:\Users\Therkelsen\Documents\GitHub\MUSE\3D\Arm26\exo_skeleton.osim
[2023-11-08 10:00:12.378] [info] ControllerSet 'Controllers' was renamed and is being reset to 'controllerset'.
[2023-11-08 10:00:12.379] [info] ComponentSet 'MiscComponents' was renamed and is being reset to 'componentset'.
[2023-11-08 10:01:19.332] [info] Updating Model file from 20303 to latest format...
[2023-11-08 10:01:19.337] [info] Loaded model arm26 from file C:\Users\Therkelsen\Documents\GitHub\MUSE\3D\Arm26\exo_skeleton.osim
[2023-11-08 10:01:19.339] [info] ControllerSet 'Controllers' was renamed and is being reset to 'controllerset'.
[2023-11-08 10:01:19.339] [info] ComponentSet 'MiscComponents' was renamed and is being reset to 'componentset'.
[2023-11-08 10:01:52.448] [info] Updating Model file from 20303 to latest format...
[2023-11-08 10:01:52.454] [info] Loaded model arm26 from file C:\Users\Therkelsen\Documents\GitHub\MUSE\3D\Arm26\exo_skeleton.osim
[2023-11-08 10:01:52.457] [info] ControllerSet 'Controllers' was renamed and is being reset to 'controllerset'.
[2023-11-08 10:01:52.457] [info] ComponentSet 'MiscComponents' was renamed and is being reset to 'componentset'.
[2023-11-08 10:03:53.269] [info] Updating Model file from 20303 to latest format...
[2023-11-08 10:03:53.274] [info] Loaded model arm26_with_exoskeleton from file C:\Users\Therkelsen\Documents\GitHub\MUSE\3D\Arm26\arm26_with_exoskeleton.osim
[2023-11-08 10:03:53.276] [info] ControllerSet 'Controllers' was renamed and is being reset to 'controllerset'.
[2023-11-08 10:03:53.276] [info] ComponentSet 'MiscComponents' was renamed and is being reset to 'componentset'.
[2023-11-08 10:04:41.995] [info] Updating Model file from 20303 to latest format...
[2023-11-08 10:04:42.000] [info] Loaded model arm26_with_exoskeleton from file C:\Users\Therkelsen\Documents\GitHub\MUSE\3D\Arm26\arm26_with_exoskeleton.osim
[2023-11-08 10:04:42.002] [info] ControllerSet 'Controllers' was renamed and is being reset to 'controllerset'.
[2023-11-08 10:04:42.002] [info] ComponentSet 'MiscComponents' was renamed and is being reset to 'componentset'.
[2023-11-08 10:06:50.439] [info] Updating Model file from 20303 to latest format...
[2023-11-08 10:06:50.445] [info] Loaded model arm26_with_exoskeleton from file C:\Users\Therkelsen\Documents\GitHub\MUSE\3D\Arm26\arm26_with_exoskeleton.osim
[2023-11-08 10:06:50.447] [info] ControllerSet 'Controllers' was renamed and is being reset to 'controllerset'.
[2023-11-08 10:06:50.447] [info] ComponentSet 'MiscComponents' was renamed and is being reset to 'componentset'.
[2023-11-08 10:07:19.991] [info] Updating Model file from 20303 to latest format...
[2023-11-08 10:07:19.996] [info] Loaded model arm26_with_exoskeleton from file C:\Users\Therkelsen\Documents\GitHub\MUSE\3D\Arm26\arm26_with_exoskeleton.osim
[2023-11-08 10:07:19.997] [info] ControllerSet 'Controllers' was renamed and is being reset to 'controllerset'.
[2023-11-08 10:07:19.998] [info] ComponentSet 'MiscComponents' was renamed and is being reset to 'componentset'.
[2023-11-08 10:09:14.258] [info] Updating Model file from 20303 to latest format...
[2023-11-08 10:09:14.263] [info] Loaded model arm26_with_exoskeleton from file C:\Users\Therkelsen\Documents\GitHub\MUSE\3D\Arm26\arm26_with_exoskeleton.osim
[2023-11-08 10:09:14.265] [info] ControllerSet 'Controllers' was renamed and is being reset to 'controllerset'.
[2023-11-08 10:09:14.265] [info] ComponentSet 'MiscComponents' was renamed and is being reset to 'componentset'.
[2023-11-08 10:09:46.159] [info] Updating Model file from 20303 to latest format...
[2023-11-08 10:09:46.165] [info] Loaded model arm26_with_exoskeleton from file C:\Users\Therkelsen\Documents\GitHub\MUSE\3D\Arm26\arm26_with_exoskeleton.osim
[2023-11-08 10:09:46.167] [info] ControllerSet 'Controllers' was renamed and is being reset to 'controllerset'.
[2023-11-08 10:09:46.167] [info] ComponentSet 'MiscComponents' was renamed and is being reset to 'componentset'.
[2023-11-08 10:10:19.068] [info] Updating Model file from 20303 to latest format...
[2023-11-08 10:10:19.074] [info] Loaded model arm26_with_exoskeleton from file C:\Users\Therkelsen\Documents\GitHub\MUSE\3D\Arm26\arm26_with_exoskeleton.osim
[2023-11-08 10:10:19.075] [info] ControllerSet 'Controllers' was renamed and is being reset to 'controllerset'.
[2023-11-08 10:10:19.076] [info] ComponentSet 'MiscComponents' was renamed and is being reset to 'componentset'.
[2023-11-08 10:10:48.428] [info] Updating Model file from 20303 to latest format...
[2023-11-08 10:10:48.433] [info] Loaded model arm26_with_exoskeleton from file C:\Users\Therkelsen\Documents\GitHub\MUSE\3D\Arm26\arm26_with_exoskeleton.osim
[2023-11-08 10:10:48.435] [info] ControllerSet 'Controllers' was renamed and is being reset to 'controllerset'.
[2023-11-08 10:10:48.435] [info] ComponentSet 'MiscComponents' was renamed and is being reset to 'componentset'.
[2023-11-08 10:11:07.834] [info] Updating Model file from 20303 to latest format...
[2023-11-08 10:11:07.841] [info] Loaded model arm26_with_exoskeleton from file C:\Users\Therkelsen\Documents\GitHub\MUSE\3D\Arm26\arm26_with_exoskeleton.osim
[2023-11-08 10:11:07.843] [info] ControllerSet 'Controllers' was renamed and is being reset to 'controllerset'.
[2023-11-08 10:11:07.843] [info] ComponentSet 'MiscComponents' was renamed and is being reset to 'componentset'.
[2023-11-08 10:11:23.238] [info] Updating Model file from 20303 to latest format...
[2023-11-08 10:11:23.243] [info] Loaded model arm26_with_exoskeleton from file C:\Users\Therkelsen\Documents\GitHub\MUSE\3D\Arm26\arm26_with_exoskeleton.osim
[2023-11-08 10:11:23.245] [info] ControllerSet 'Controllers' was renamed and is being reset to 'controllerset'.
[2023-11-08 10:11:23.245] [info] ComponentSet 'MiscComponents' was renamed and is being reset to 'componentset'.
[2023-11-08 10:11:52.832] [info] Updating Model file from 20303 to latest format...
[2023-11-08 10:11:52.837] [info] Loaded model arm26_with_exoskeleton from file C:\Users\Therkelsen\Documents\GitHub\MUSE\3D\Arm26\arm26_with_exoskeleton.osim
[2023-11-08 10:11:52.839] [info] ControllerSet 'Controllers' was renamed and is being reset to 'controllerset'.
[2023-11-08 10:11:52.839] [info] ComponentSet 'MiscComponents' was renamed and is being reset to 'componentset'.
[2023-11-08 10:12:04.113] [info] Updating Model file from 20303 to latest format...
[2023-11-08 10:12:04.118] [info] Loaded model arm26_with_exoskeleton from file C:\Users\Therkelsen\Documents\GitHub\MUSE\3D\Arm26\arm26_with_exoskeleton.osim
[2023-11-08 10:12:04.120] [info] ControllerSet 'Controllers' was renamed and is being reset to 'controllerset'.
[2023-11-08 10:12:04.120] [info] ComponentSet 'MiscComponents' was renamed and is being reset to 'componentset'.
[2023-11-08 10:12:23.441] [info] Updating Model file from 20303 to latest format...
[2023-11-08 10:12:23.447] [info] Loaded model arm26_with_exoskeleton from file C:\Users\Therkelsen\Documents\GitHub\MUSE\3D\Arm26\arm26_with_exoskeleton.osim
[2023-11-08 10:12:23.448] [info] ControllerSet 'Controllers' was renamed and is being reset to 'controllerset'.
[2023-11-08 10:12:23.449] [info] ComponentSet 'MiscComponents' was renamed and is being reset to 'componentset'.
[2023-11-08 10:12:34.913] [info] Updating Model file from 20303 to latest format...
[2023-11-08 10:12:34.918] [info] Loaded model arm26_with_exoskeleton from file C:\Users\Therkelsen\Documents\GitHub\MUSE\3D\Arm26\arm26_with_exoskeleton.osim
[2023-11-08 10:12:34.920] [info] ControllerSet 'Controllers' was renamed and is being reset to 'controllerset'.
[2023-11-08 10:12:34.920] [info] ComponentSet 'MiscComponents' was renamed and is being reset to 'componentset'.
[2023-11-08 10:12:46.831] [info] Updating Model file from 20303 to latest format...
[2023-11-08 10:12:46.836] [info] Loaded model arm26_with_exoskeleton from file C:\Users\Therkelsen\Documents\GitHub\MUSE\3D\Arm26\arm26_with_exoskeleton.osim
[2023-11-08 10:12:46.838] [info] ControllerSet 'Controllers' was renamed and is being reset to 'controllerset'.
[2023-11-08 10:12:46.838] [info] ComponentSet 'MiscComponents' was renamed and is being reset to 'componentset'.
[2023-11-08 10:13:15.668] [info] Updating Model file from 20303 to latest format...
[2023-11-08 10:13:15.673] [info] Loaded model arm26_with_exoskeleton from file C:\Users\Therkelsen\Documents\GitHub\MUSE\3D\Arm26\arm26_with_exoskeleton.osim
[2023-11-08 10:13:15.675] [info] ControllerSet 'Controllers' was renamed and is being reset to 'controllerset'.
[2023-11-08 10:13:15.675] [info] ComponentSet 'MiscComponents' was renamed and is being reset to 'componentset'.
